<?xml version="1.0" encoding="UTF-8"?>
<!-- Generated by org.testng.reporters.JUnitReportReporter -->
<testsuite hostname="j1009769win7lt1" name="com.testng.pom.GmailPOMtest" tests="1" failures="0" timestamp="20 Jul 2015 13:18:19 GMT" time="13.746" errors="0">
  <testcase name="f" time="13.746" classname="com.testng.pom.GmailPOMtest"/>
</testsuite> <!-- com.testng.pom.GmailPOMtest -->
